[I 16:41:23.548 NotebookApp] 启动notebooks 在本地路径: /home/username/projects/books_recommend
[I 16:41:23.548 NotebookApp] 本程序运行在: http://(localhost.localdomain or 127.0.0.1):8888/
[I 16:41:23.548 NotebookApp] 使用control-c停止此服务器并关闭所有内核(两次跳过确认).
[W 16:41:23.655 NotebookApp] 404 GET /api/kernels/9b71f201-e57a-4d37-ba80-dbf30cef6ade/channels?session_id=ef8e406162ce4ef1a70ac0ad1e413bd5 (192.168.231.1): Kernel does not exist: 9b71f201-e57a-4d37-ba80-dbf30cef6ade
[W 16:41:23.684 NotebookApp] 404 GET /api/kernels/9b71f201-e57a-4d37-ba80-dbf30cef6ade/channels?session_id=ef8e406162ce4ef1a70ac0ad1e413bd5 (192.168.231.1) 42.33ms referer=None
[W 16:41:31.393 NotebookApp] Notebook books_recommend.ipynb is not trusted
[I 16:41:32.031 NotebookApp] Kernel started: 56b69cf8-5617-43ab-9fca-001f66f094be
[I 16:41:32.932 NotebookApp] Adapting to protocol v5.1 for kernel 56b69cf8-5617-43ab-9fca-001f66f094be
[I 16:43:32.743 NotebookApp] Saving file at /books_recommend.ipynb
[W 16:43:32.744 NotebookApp] Notebook books_recommend.ipynb is not trusted
[I 16:59:43.055 NotebookApp] Saving file at /books_recommend/settings.py
[I 17:01:27.137 NotebookApp] Starting buffering for 56b69cf8-5617-43ab-9fca-001f66f094be:69bdbc0ad9b549ecaaf764018d0395e5
[I 17:06:12.925 NotebookApp] 302 GET / (192.168.231.1) 3.70ms
[I 17:06:46.704 NotebookApp] 302 GET / (192.168.231.1) 2.46ms
[W 17:10:19.329 NotebookApp] Notebook csv_to_mysql_book_user.ipynb is not trusted
[I 17:10:19.580 NotebookApp] Kernel started: ae9225fa-130a-408b-8802-d48d82aca153
[I 17:10:20.385 NotebookApp] Adapting to protocol v5.1 for kernel ae9225fa-130a-408b-8802-d48d82aca153
[I 18:56:16.785 NotebookApp] 启动notebooks 在本地路径: /home/username/projects/books_recommend
[I 18:56:16.785 NotebookApp] 本程序运行在: http://(localhost.localdomain or 127.0.0.1):8888/
[I 18:56:16.786 NotebookApp] 使用control-c停止此服务器并关闭所有内核(两次跳过确认).
[W 18:56:20.763 NotebookApp] Notebook csv_to_mysql_ratings.ipynb is not trusted
[I 18:56:21.115 NotebookApp] Kernel started: 67902eb5-a1a1-4256-8eea-fa5740fdf6d0
[I 18:56:22.226 NotebookApp] Adapting to protocol v5.1 for kernel 67902eb5-a1a1-4256-8eea-fa5740fdf6d0
[I 20:25:13.369 NotebookApp] 启动notebooks 在本地路径: /home/username/projects/notebook
[I 20:25:13.369 NotebookApp] 本程序运行在: http://(localhost.localdomain or 127.0.0.1):8888/
[I 20:25:13.369 NotebookApp] 使用control-c停止此服务器并关闭所有内核(两次跳过确认).
[W 20:25:27.682 NotebookApp] 404 GET /api/kernels/67902eb5-a1a1-4256-8eea-fa5740fdf6d0/channels?session_id=50c2e716495a49f48b511c779f4b8f8e (192.168.231.1): Kernel does not exist: 67902eb5-a1a1-4256-8eea-fa5740fdf6d0
[W 20:25:27.718 NotebookApp] 404 GET /api/kernels/67902eb5-a1a1-4256-8eea-fa5740fdf6d0/channels?session_id=50c2e716495a49f48b511c779f4b8f8e (192.168.231.1) 58.56ms referer=None
[W 20:25:33.757 NotebookApp] Notebook csv_to_mysql_ratings.ipynb is not trusted
[I 20:25:34.090 NotebookApp] Kernel started: 74bfd8df-3fb3-46b3-8b70-ed8a1e50fb60
[I 20:25:35.089 NotebookApp] Adapting to protocol v5.1 for kernel 74bfd8df-3fb3-46b3-8b70-ed8a1e50fb60
[I 20:25:47.737 NotebookApp] 302 GET / (192.168.231.1) 3.78ms
[I 20:25:47.809 NotebookApp] Starting buffering for 74bfd8df-3fb3-46b3-8b70-ed8a1e50fb60:745d442fa6d946ccbcbc1dafcb3fed1d
[I 22:09:28.616 NotebookApp] 端口 8888 已经被站用, 请尝试其他端口.
[I 22:09:28.624 NotebookApp] 启动notebooks 在本地路径: /home/username/projects/notebook
[I 22:09:28.624 NotebookApp] 本程序运行在: http://(localhost.localdomain or 127.0.0.1):8889/
[I 22:09:28.624 NotebookApp] 使用control-c停止此服务器并关闭所有内核(两次跳过确认).
[I 22:09:57.743 NotebookApp] 302 GET / (192.168.231.1) 1.72ms
--2019-02-02 22:16:07--  http://www2.informatik.uni-freiburg.de/~cziegler/BX/BX-CSV-Dump.zip
正在解析主机 www2.informatik.uni-freiburg.de (www2.informatik.uni-freiburg.de)... 132.230.105.133
正在连接 www2.informatik.uni-freiburg.de (www2.informatik.uni-freiburg.de)|132.230.105.133|:80... 已连接。
已发出 HTTP 请求，正在等待回应... 200 OK
长度：26085508 (25M) [application/zip]
正在保存至: “BX-CSV-Dump.zip”

     0K .......... .......... .......... .......... ..........  0%  106K 3m59s
    50K .......... .......... .......... .......... ..........  0%  247K 2m51s
   100K .......... .......... .......... .......... ..........  0% 1.04M 2m2s
   150K .......... .......... .......... .......... ..........  0% 2.95M 93s
   200K .......... .......... .......... .......... ..........  0%  240K 95s
   250K .......... .......... .......... .......... ..........  1% 1.42M 82s
   300K .......... .......... .......... .......... ..........  1%  336K 81s
   350K .......... .......... .......... .......... ..........  1%  715K 75s
   400K .......... .......... .......... .......... ..........  1%  187K 82s
   450K .......... .......... .......... .......... ..........  1% 10.5M 73s
   500K .......... .......... .......... .......... ..........  2% 11.2M 67s
   550K .......... .......... .......... .......... ..........  2% 5.12M 62s
   600K .......... .......... .......... .......... ..........  2% 33.0M 57s
   650K .......... .......... .......... .......... ..........  2%  146M 53s
   700K .......... .......... .......... .......... ..........  2%  180M 49s
   750K .......... .......... .......... .......... ..........  3%  186M 46s
   800K .......... .......... .......... .......... ..........  3%  212M 43s
   850K .......... .......... .......... .......... ..........  3%  332K 45s
   900K .......... .......... .......... .......... ..........  3% 1.95M 43s
   950K .......... .......... .......... .......... ..........  3% 4.66M 41s
  1000K .......... .......... .......... .......... ..........  4% 2.14M 39s
  1050K .......... .......... .......... .......... ..........  4%  409K 40s
  1100K .......... .......... .......... .......... ..........  4% 2.28M 39s
  1150K .......... .......... .......... .......... ..........  4%  506K 39s
  1200K .......... .......... .......... .......... ..........  4% 2.34M 38s
  1250K .......... .......... .......... .......... ..........  5% 3.69M 37s
  1300K .......... .......... .......... .......... ..........  5% 4.88M 35s
  1350K .......... .......... .......... .......... ..........  5%  673K 35s
  1400K .......... .......... .......... .......... ..........  5% 4.02M 34s
  1450K .......... .......... .......... .......... ..........  5%  453K 35s
  1500K .......... .......... .......... .......... ..........  6% 2.21M 34s
  1550K .......... .......... .......... .......... ..........  6% 3.97M 33s
  1600K .......... .......... .......... .......... ..........  6% 2.26M 32s
  1650K .......... .......... .......... .......... ..........  6%  966K 32s
  1700K .......... .......... .......... .......... ..........  6% 1.57M 31s
  1750K .......... .......... .......... .......... ..........  7%  362K 32s
  1800K .......... .......... .......... .......... ..........  7% 4.23M 32s
  1850K .......... .......... .......... .......... ..........  7% 2.48M 31s
  1900K .......... .......... .......... .......... ..........  7% 3.11M 30s
  1950K .......... .......... .......... .......... ..........  7%  173K 33s
  2000K .......... .......... .......... .......... ..........  8% 24.0M 32s
  2050K .......... .......... .......... .......... ..........  8% 81.3M 31s
  2100K .......... .......... .......... .......... ..........  8%  102M 30s
  2150K .......... .......... .......... .......... ..........  8%  146M 30s
  2200K .......... .......... .......... .......... ..........  8%  128M 29s
  2250K .......... .......... .......... .......... ..........  9%  107M 28s
  2300K .......... .......... .......... .......... ..........  9%  216K 30s
  2350K .......... .......... .......... .......... ..........  9% 4.68M 29s
  2400K .......... .......... .......... .......... ..........  9% 3.98M 29s
  2450K .......... .......... .......... .......... ..........  9% 3.57M 28s
  2500K .......... .......... .......... .......... .......... 10%  238K 29s
  2550K .......... .......... .......... .......... .......... 10% 2.48M 29s
  2600K .......... .......... .......... .......... .......... 10% 1.40M 29s
  2650K .......... .......... .......... .......... .......... 10% 2.99M 28s
  2700K .......... .......... .......... .......... .......... 10%  201K 30s
  2750K .......... .......... .......... .......... .......... 10% 38.6M 29s
  2800K .......... .......... .......... .......... .......... 11% 85.2M 29s
  2850K .......... .......... .......... .......... .......... 11%  178M 28s
  2900K .......... .......... .......... .......... .......... 11% 19.2M 27s
  2950K .......... .......... .......... .......... .......... 11%  275K 28s
  3000K .......... .......... .......... .......... .......... 11% 3.30M 28s
  3050K .......... .......... .......... .......... .......... 12% 2.12M 28s
  3100K .......... .......... .......... .......... .......... 12%  289K 28s
  3150K .......... .......... .......... .......... .......... 12% 1.57M 28s
  3200K .......... .......... .......... .......... .......... 12% 2.44M 28s
  3250K .......... .......... .......... .......... .......... 12%  138K 30s
  3300K .......... .......... .......... .......... .......... 13% 43.8M 29s
  3350K .......... .......... .......... .......... .......... 13% 92.8M 29s
  3400K .......... .......... .......... .......... .......... 13%  151M 28s
  3450K .......... .......... .......... .......... .......... 13% 1.07M 28s
  3500K .......... .......... .......... .......... .......... 13%  612K 28s
  3550K .......... .......... .......... .......... .......... 14%  776K 28s
  3600K .......... .......... .......... .......... .......... 14%  372K 28s
  3650K .......... .......... .......... .......... .......... 14% 1.15M 28s
  3700K .......... .......... .......... .......... .......... 14%  176K 29s
  3750K .......... .......... .......... .......... .......... 14%  116M 29s
  3800K .......... .......... .......... .......... .......... 15%  174M 28s
  3850K .......... .......... .......... .......... .......... 15%  185K 29s
  3900K .......... .......... .......... .......... .......... 15% 74.9M 29s
  3950K .......... .......... .......... .......... .......... 15%  321K 29s
  4000K .......... .......... .......... .......... .......... 15%  531K 30s
  4050K .......... .......... .......... .......... .......... 16%  362K 30s
  4100K .......... .......... .......... .......... .......... 16%  229K 31s
  4150K .......... .......... .......... .......... .......... 16%  571K 31s
  4200K .......... .......... .......... .......... .......... 16%  282K 31s
  4250K .......... .......... .......... .......... .......... 16%  111K 33s
  4300K .......... .......... .......... .......... .......... 17%  111M 32s
  4350K .......... .......... .......... .......... .......... 17% 1.07M 32s
  4400K .......... .......... .......... .......... .......... 17%  228K 33s
  4450K .......... .......... .......... .......... .......... 17%  226K 33s
  4500K .......... .......... .......... .......... .......... 17%  245K 34s
  4550K .......... .......... .......... .......... .......... 18%  110K 35s
  4600K .......... .......... .......... .......... .......... 18% 48.1M 35s
  4650K .......... .......... .......... .......... .......... 18%  187K 36s
  4700K .......... .......... .......... .......... .......... 18%  213K 36s
  4750K .......... .......... .......... .......... .......... 18%  222K 37s
  4800K .......... .......... .......... .......... .......... 19%  197K 37s
  4850K .......... .......... .......... .......... .......... 19%  102K 39s
  4900K .......... .......... .......... .......... .......... 19%  336K 39s
  4950K .......... .......... .......... .......... .......... 19%  125K 40s
  5000K .......... .......... .......... .......... .......... 19%  197K 41s
  5050K .......... .......... .......... .......... .......... 20%  207K 41s
  5100K .......... .......... .......... .......... .......... 20%  195K 42s
  5150K .......... .......... .......... .......... .......... 20% 71.8K 44s
  5200K .......... .......... .......... .......... .......... 20%  136K 45s
  5250K .......... .......... .......... .......... .......... 20%  110K 46s
  5300K .......... .......... .......... .......... .......... 21%  114K 47s
  5350K .......... .......... .......... .......... .......... 21%  149K 48s
  5400K .......... .......... .......... .......... .......... 21%  115K 49s
  5450K .......... .......... .......... .......... .......... 21%  114K 50s
  5500K .......... .......... .......... .......... .......... 21% 86.6K 51s
  5550K .......... .......... .......... .......... .......... 21% 90.1K 53s
  5600K .......... .......... .......... .......... .......... 22%  109K 54s
  5650K .......... .......... .......... .......... .......... 22% 90.0K 55s
  5700K .......... .......... .......... .......... .......... 22% 83.8K 57s
  5750K .......... .......... .......... .......... .......... 22%  108K 57s
  5800K .......... .......... .......... .......... .......... 22%  107K 58s
  5850K .......... .......... .......... .......... .......... 23%  108K 59s
  5900K .......... .......... .......... .......... .......... 23%  111K 60s
  5950K .......... .......... .......... .......... .......... 23% 99.0K 61s
  6000K .......... .......... .......... .......... .......... 23%  108K 62s
  6050K .......... .......... .......... .......... .......... 23%  135K 62s
  6100K .......... .......... .......... .......... .......... 24%  113K 63s
  6150K .......... .......... .......... .......... .......... 24%  102K 64s
  6200K .......... .......... .......... .......... .......... 24%  130K 65s
  6250K .......... .......... .......... .......... .......... 24%  130K 65s
  6300K .......... .......... .......... .......... .......... 24%  132K 66s
  6350K .......... .......... .......... .......... .......... 25% 94.0K 66s
  6400K .......... .......... .......... .......... .......... 25%  140K 67s
  6450K .......... .......... .......... .......... .......... 25%  110K 67s
  6500K .......... .......... .......... .......... .......... 25%  159K 68s
  6550K .......... .......... .......... .......... .......... 25%  115K 68s
  6600K .......... .......... .......... .......... .......... 26%  111K 69s
  6650K .......... .......... .......... .......... .......... 26%  187K 69s
  6700K .......... .......... .......... .......... .......... 26%  112K 69s
  6750K .......... .......... .......... .......... .......... 26% 78.4K 70s
  6800K .......... .......... .......... .......... .......... 26%  113K 71s
  6850K .......... .......... .......... .......... .......... 27%  112K 71s
  6900K .......... .......... .......... .......... .......... 27%  110K 72s
  6950K .......... .......... .......... .......... .......... 27%  109K 72s
  7000K .......... .......... .......... .......... .......... 27%  121K 73s
  7050K .......... .......... .......... .......... .......... 27%  115K 73s
  7100K .......... .......... .......... .......... .......... 28%  167K 73s
  7150K .......... .......... .......... .......... .......... 28%  122K 74s
  7200K .......... .......... .......... .......... .......... 28%  123K 74s
  7250K .......... .......... .......... .......... .......... 28%  190K 74s
  7300K .......... .......... .......... .......... .......... 28%  194K 74s
  7350K .......... .......... .......... .......... .......... 29%  140K 74s
  7400K .......... .......... .......... .......... .......... 29%  223K 74s
  7450K .......... .......... .......... .......... .......... 29%  224K 74s
  7500K .......... .......... .......... .......... .......... 29%  221K 74s
  7550K .......... .......... .......... .......... .......... 29%  227K 73s
  7600K .......... .......... .......... .......... .......... 30%  204K 73s
  7650K .......... .......... .......... .......... .......... 30%  225K 73s
  7700K .......... .......... .......... .......... .......... 30%  222K 73s
  7750K .......... .......... .......... .......... .......... 30%  221K 73s
  7800K .......... .......... .......... .......... .......... 30%  226K 73s
  7850K .......... .......... .......... .......... .......... 31%  216K 72s
  7900K .......... .......... .......... .......... .......... 31%  248K 72s
  7950K .......... .......... .......... .......... .......... 31%  230K 72s
  8000K .......... .......... .......... .......... .......... 31%  434K 72s
  8050K .......... .......... .......... .......... .......... 31%  221K 71s
  8100K .......... .......... .......... .......... .......... 31%  260K 71s
  8150K .......... .......... .......... .......... .......... 32%  194K 71s
  8200K .......... .......... .......... .......... .......... 32%  248K 71s
  8250K .......... .......... .......... .......... .......... 32%  130K 71s
  8300K .......... .......... .......... .......... .......... 32%  510K 71s
  8350K .......... .......... .......... .......... .......... 32%  167K 71s
  8400K .......... .......... .......... .......... .......... 33%  191K 71s
  8450K .......... .......... .......... .......... .......... 33%  219K 70s
  8500K .......... .......... .......... .......... .......... 33%  225K 70s
  8550K .......... .......... .......... .......... .......... 33%  281K 70s
  8600K .......... .......... .......... .......... .......... 33%  226K 70s
  8650K .......... .......... .......... .......... .......... 34%  144K 70s
  8700K .......... .......... .......... .......... .......... 34%  373K 69s
  8750K .......... .......... .......... .......... .......... 34%  195K 69s
  8800K .......... .......... .......... .......... .......... 34%  207K 69s
  8850K .......... .......... .......... .......... .......... 34%  198K 69s
  8900K .......... .......... .......... .......... .......... 35%  227K 69s
  8950K .......... .......... .......... .......... .......... 35%  196K 69s
  9000K .......... .......... .......... .......... .......... 35%  131K 69s
  9050K .......... .......... .......... .......... .......... 35%  244K 69s
  9100K .......... .......... .......... .......... .......... 35%  183K 69s
  9150K .......... .......... .......... .......... .......... 36%  182K 68s
  9200K .......... .......... .......... .......... .......... 36%  144K 68s
  9250K .......... .......... .......... .......... .......... 36%  105K 69s
  9300K .......... .......... .......... .......... .......... 36%  735K 68s
  9350K .......... .......... .......... .......... .......... 36%  141K 68s
  9400K .......... .......... .......... .......... .......... 37%  191K 68s
  9450K .......... .......... .......... .......... .......... 37%  183K 68s
  9500K .......... .......... .......... .......... .......... 37%  135K 68s
  9550K .......... .......... .......... .......... .......... 37%  202K 68s
  9600K .......... .......... .......... .......... .......... 37%  163K 68s
  9650K .......... .......... .......... .......... .......... 38%  149K 68s
  9700K .......... .......... .......... .......... .......... 38%  183K 68s
  9750K .......... .......... .......... .......... .......... 38%  213K 68s
  9800K .......... .......... .......... .......... .......... 38%  179K 67s
  9850K .......... .......... .......... .......... .......... 38%  225K 67s
  9900K .......... .......... .......... .......... .......... 39%  129K 67s
  9950K .......... .......... .......... .......... .......... 39%  207K 67s
 10000K .......... .......... .......... .......... .......... 39%  213K 67s
 10050K .......... .......... .......... .......... .......... 39%  217K 67s
 10100K .......... .......... .......... .......... .......... 39%  215K 67s
 10150K .......... .......... .......... .......... .......... 40%  221K 66s
 10200K .......... .......... .......... .......... .......... 40%  198K 66s
 10250K .......... .......... .......... .......... .......... 40%  263K 66s
 10300K .......... .......... .......... .......... .......... 40%  218K 66s
 10350K .......... .......... .......... .......... .......... 40%  184K 66s
 10400K .......... .......... .......... .......... .......... 41%  280K 65s
 10450K .......... .......... .......... .......... .......... 41%  384K 65s
 10500K .......... .......... .......... .......... .......... 41%  237K 65s
 10550K .......... .......... .......... .......... .......... 41%  274K 64s
 10600K .......... .......... .......... .......... .......... 41%  154K 64s
 10650K .......... .......... .......... .......... .......... 42% 26.9M 64s
 10700K .......... .......... .......... .......... .......... 42%  215K 64s
 10750K .......... .......... .......... .......... .......... 42%  196K 64s
 10800K .......... .......... .......... .......... .......... 42%  441K 63s
 10850K .......... .......... .......... .......... .......... 42%  198K 63s
 10900K .......... .......... .......... .......... .......... 42%  205K 63s
 10950K .......... .......... .......... .......... .......... 43%  420K 63s
 11000K .......... .......... .......... .......... .......... 43%  216K 62s
 11050K .......... .......... .......... .......... .......... 43%  220K 62s
 11100K .......... .......... .......... .......... .......... 43%  226K 62s
 11150K .......... .......... .......... .......... .......... 43%  221K 62s
 11200K .......... .......... .......... .......... .......... 44%  117K 62s
 11250K .......... .......... .......... .......... .......... 44% 76.6M 61s
 11300K .......... .......... .......... .......... .......... 44%  203K 61s
 11350K .......... .......... .......... .......... .......... 44%  215K 61s
 11400K .......... .......... .......... .......... .......... 44%  227K 61s
 11450K .......... .......... .......... .......... .......... 45%  218K 60s
 11500K .......... .......... .......... .......... .......... 45% 96.9K 61s
 11550K .......... .......... .......... .......... .......... 45% 7.00M 60s
 11600K .......... .......... .......... .......... .......... 45%  213K 60s
 11650K .......... .......... .......... .......... .......... 45%  152K 60s
 11700K .......... .......... .......... .......... .......... 46%  223K 60s
 11750K .......... .......... .......... .......... .......... 46%  118K 60s
 11800K .......... .......... .......... .......... .......... 46%  366K 59s
 11850K .......... .......... .......... .......... .......... 46%  154K 59s
 11900K .......... .......... .......... .......... .......... 46%  175K 59s
 11950K .......... .......... .......... .......... .......... 47%  174K 59s
 12000K .......... .......... .......... .......... .......... 47%  214K 59s
 12050K .......... .......... .......... .......... .......... 47%  172K 59s
 12100K .......... .......... .......... .......... .......... 47%  214K 58s
 12150K .......... .......... .......... .......... .......... 47%  225K 58s
 12200K .......... .......... .......... .......... .......... 48%  172K 58s
 12250K .......... .......... .......... .......... .......... 48%  223K 58s
 12300K .......... .......... .......... .......... .......... 48%  193K 58s
 12350K .......... .......... .......... .......... .......... 48%  203K 58s
 12400K .......... .......... .......... .......... .......... 48%  222K 57s
 12450K .......... .......... .......... .......... .......... 49%  222K 57s
 12500K .......... .......... .......... .......... .......... 49%  181K 57s
 12550K .......... .......... .......... .......... .......... 49% 94.6K 57s
 12600K .......... .......... .......... .......... .......... 49% 5.35M 57s
 12650K .......... .......... .......... .......... .......... 49%  118K 57s
 12700K .......... .......... .......... .......... .......... 50%  108K 57s
 12750K .......... .......... .......... .......... .......... 50%  113K 57s
 12800K .......... .......... .......... .......... .......... 50%  163K 56s
 12850K .......... .......... .......... .......... .......... 50% 65.9K 57s
 12900K .......... .......... .......... .......... .......... 50%  157K 57s
 12950K .......... .......... .......... .......... .......... 51%  109K 57s
 13000K .......... .......... .......... .......... .......... 51%  112K 57s
 13050K .......... .......... .......... .......... .......... 51%  118K 57s
 13100K .......... .......... .......... .......... .......... 51%  153K 56s
 13150K .......... .......... .......... .......... .......... 51%  128K 56s
 13200K .......... .......... .......... .......... .......... 52%  112K 56s
 13250K .......... .......... .......... .......... .......... 52%  112K 56s
 13300K .......... .......... .......... .......... .......... 52%  100K 56s
 13350K .......... .......... .......... .......... .......... 52%  103K 56s
 13400K .......... .......... .......... .......... .......... 52%  137K 56s
 13450K .......... .......... .......... .......... .......... 52% 89.1K 56s
 13500K .......... .......... .......... .......... .......... 53%  169K 56s
 13550K .......... .......... .......... .......... .......... 53%  117K 56s
 13600K .......... .......... .......... .......... .......... 53%  118K 56s
 13650K .......... .......... .......... .......... .......... 53%  109K 56s
 13700K .......... .......... .......... .......... .......... 53%  170K 56s
 13750K .......... .......... .......... .......... .......... 54%  110K 56s
 13800K .......... .......... .......... .......... .......... 54%  133K 55s
 13850K .......... .......... .......... .......... .......... 54%  110K 55s
 13900K .......... .......... .......... .......... .......... 54%  197K 55s
 13950K .......... .......... .......... .......... .......... 54%  116K 55s
 14000K .......... .......... .......... .......... .......... 55%  179K 55s
 14050K .......... .......... .......... .......... .......... 55%  122K 55s
 14100K .......... .......... .......... .......... .......... 55%  217K 55s
 14150K .......... .......... .......... .......... .......... 55%  113K 54s
 14200K .......... .......... .......... .......... .......... 55%  220K 54s
 14250K .......... .......... .......... .......... .......... 56%  153K 54s
 14300K .......... .......... .......... .......... .......... 56%  133K 54s
 14350K .......... .......... .......... .......... .......... 56%  217K 54s
 14400K .......... .......... .......... .......... .......... 56%  108K 54s
 14450K .......... .......... .......... .......... .......... 56%  129K 53s
 14500K .......... .......... .......... .......... .......... 57%  153K 53s
 14550K .......... .......... .......... .......... .......... 57%  109K 53s
 14600K .......... .......... .......... .......... .......... 57%  220K 53s
 14650K .......... .......... .......... .......... .......... 57%  162K 53s
 14700K .......... .......... .......... .......... .......... 57%  139K 53s
 14750K .......... .......... .......... .......... .......... 58%  165K 52s
 14800K .......... .......... .......... .......... .......... 58%  134K 52s
 14850K .......... .......... .......... .......... .......... 58%  111K 52s
 14900K .......... .......... .......... .......... .......... 58%  230K 52s
 14950K .......... .......... .......... .......... .......... 58% 74.1K 52s
 15000K .......... .......... .......... .......... .......... 59%  233K 52s
 15050K .......... .......... .......... .......... .......... 59%  111K 52s
 15100K .......... .......... .......... .......... .......... 59% 72.3K 52s
 15150K .......... .......... .......... .......... .......... 59% 86.6K 52s
 15200K .......... .......... .......... .......... .......... 59% 89.5K 51s
 15250K .......... .......... .......... .......... .......... 60% 59.7K 52s
 15300K .......... .......... .......... .......... .......... 60%  210K 51s
 15350K .......... .......... .......... .......... .......... 60% 73.2K 51s
 15400K .......... .......... .......... .......... .......... 60%  110K 51s
 15450K .......... .......... .......... .......... .......... 60%  103K 51s
 15500K .......... .......... .......... .......... .......... 61% 65.5K 51s
 15550K .......... .......... .......... .......... .......... 61% 74.3K 51s
 15600K .......... .......... .......... .......... .......... 61% 81.3K 51s
 15650K .......... .......... .......... .......... .......... 61% 99.8K 51s
 15700K .......... .......... .......... .......... .......... 61% 83.2K 51s
 15750K .......... .......... .......... .......... .......... 62%  111K 51s
 15800K .......... .......... .......... .......... .......... 62%  115K 51s
 15850K .......... .......... .......... .......... .......... 62%  112K 51s
 15900K .......... .......... .......... .......... .......... 62% 75.2K 51s
 15950K .......... .......... .......... .......... .......... 62%  224K 50s
 16000K .......... .......... .......... .......... .......... 63%  112K 50s
 16050K .......... .......... .......... .......... .......... 63%  184K 50s
 16100K .......... .......... .......... .......... .......... 63%  127K 50s
 16150K .......... .......... .......... .......... .......... 63%  110K 49s
 16200K .......... .......... .......... .......... .......... 63%  183K 49s
 16250K .......... .......... .......... .......... .......... 63%  122K 49s
 16300K .......... .......... .......... .......... .......... 64%  168K 49s
 16350K .......... .......... .......... .......... .......... 64%  110K 49s
 16400K .......... .......... .......... .......... .......... 64%  113K 48s
 16450K .......... .......... .......... .......... .......... 64%  110K 48s
 16500K .......... .......... .......... .......... .......... 64%  122K 48s
 16550K .......... .......... .......... .......... .......... 65% 99.4K 48s
 16600K .......... .......... .......... .......... .......... 65%  110K 48s
 16650K .......... .......... .......... .......... .......... 65%  107K 48s
 16700K .......... .......... .......... .......... .......... 65%  135K 47s
 16750K .......... .......... .......... .......... .......... 65%  111K 47s
 16800K .......... .......... .......... .......... .......... 66%  150K 47s
 16850K .......... .......... .......... .......... .......... 66%  112K 47s
 16900K .......... .......... .......... .......... .......... 66%  142K 47s
 16950K .......... .......... .......... .......... .......... 66%  111K 46s
 17000K .......... .......... .......... .......... .......... 66% 74.6K 46s
 17050K .......... .......... .......... .......... .......... 67%  489K 46s
 17100K .......... .......... .......... .......... .......... 67%  108K 46s
 17150K .......... .......... .......... .......... .......... 67%  110K 46s
 17200K .......... .......... .......... .......... .......... 67%  121K 45s
 17250K .......... .......... .......... .......... .......... 67%  169K 45s
 17300K .......... .......... .......... .......... .......... 68%  110K 45s
 17350K .......... .......... .......... .......... .......... 68%  107K 45s
 17400K .......... .......... .......... .......... .......... 68%  212K 44s
 17450K .......... .......... .......... .......... .......... 68%  111K 44s
 17500K .......... .......... .......... .......... .......... 68% 69.2K 44s
 17550K .......... .......... .......... .......... .......... 69%  637K 44s
 17600K .......... .......... .......... .......... .......... 69% 80.3K 44s
 17650K .......... .......... .......... .......... .......... 69%  149K 43s
 17700K .......... .......... .......... .......... .......... 69%  120K 43s
 17750K .......... .......... .......... .......... .......... 69% 96.8K 43s
 17800K .......... .......... .......... .......... .......... 70%  150K 43s
 17850K .......... .......... .......... .......... .......... 70% 81.1K 43s
 17900K .......... .......... .......... .......... .......... 70% 78.3K 42s
 17950K .......... .......... .......... .......... .......... 70% 56.8K 42s
 18000K .......... .......... .......... .......... .......... 70%  104K 42s
 18050K .......... .......... .......... .......... .......... 71%  142K 42s
 18100K .......... .......... .......... .......... .......... 71%  112K 42s
 18150K .......... .......... .......... .......... .......... 71%  158K 41s
 18200K .......... .......... .......... .......... .......... 71%  116K 41s
 18250K .......... .......... .......... .......... .......... 71%  164K 41s
 18300K .......... .......... .......... .......... .......... 72%  130K 41s
 18350K .......... .......... .......... .......... .......... 72%  171K 40s
 18400K .......... .......... .......... .......... .......... 72%  116K 40s
 18450K .......... .......... .......... .......... .......... 72%  149K 40s
 18500K .......... .......... .......... .......... .......... 72%  157K 40s
 18550K .......... .......... .......... .......... .......... 73% 79.5K 40s
 18600K .......... .......... .......... .......... .......... 73%  127K 39s
 18650K .......... .......... .......... .......... .......... 73% 58.6K 39s
 18700K .......... .......... .......... .......... .......... 73% 1.66M 39s
 18750K .......... .......... .......... .......... .......... 73% 3.73K 43s
 18800K .......... .......... .......... .......... .......... 73% 19.8K 44s
 18850K .......... .......... .......... .......... .......... 74% 99.9K 43s
 18900K .......... .......... .......... .......... .......... 74% 79.7K 43s
 18950K .......... .......... .......... .......... .......... 74%  208K 43s
 19000K .......... .......... .......... .......... .......... 74%  226K 42s
 19050K .......... .......... .......... .......... .......... 74% 79.8K 42s
 19100K .......... .......... .......... .......... .......... 75% 5.64M 42s
 19150K .......... .......... .......... .......... .......... 75% 7.57M 41s
 19200K .......... .......... .......... .......... .......... 75% 91.1K 41s
 19250K .......... .......... .......... .......... .......... 75%  140K 41s
 19300K .......... .......... .......... .......... .......... 75%  233K 40s
 19350K .......... .......... .......... .......... .......... 76%  107K 40s
 19400K .......... .......... .......... .......... .......... 76% 55.5K 40s
 19450K .......... .......... .......... .......... .......... 76% 87.1K 40s
 19500K .......... .......... .......... .......... .......... 76% 75.7K 39s
 19550K .......... .......... .......... .......... .......... 76%  116K 39s
 19600K .......... .......... .......... .......... .......... 77% 66.6K 39s
 19650K .......... .......... .......... .......... .......... 77%  180K 39s
 19700K .......... .......... .......... .......... .......... 77%  236K 38s
 19750K .......... .......... .......... .......... .......... 77%  137K 38s
 19800K .......... .......... .......... .......... .......... 77% 89.0K 38s
 19850K .......... .......... .......... .......... .......... 78% 20.2K 38s
 19900K .......... .......... .......... .......... .......... 78%  239M 37s
 19950K .......... .......... .......... .......... .......... 78% 65.9K 37s
 20000K .......... .......... .......... .......... .......... 78%  141K 37s
 20050K .......... .......... .......... .......... .......... 78% 91.2K 37s
 20100K .......... .......... .......... .......... .......... 79% 58.5K 36s
 20150K .......... .......... .......... .......... .......... 79% 82.9K 36s
 20200K .......... .......... .......... .......... .......... 79%  116K 36s
 20250K .......... .......... .......... .......... .......... 79% 59.4K 36s
 20300K .......... .......... .......... .......... .......... 79% 35.3K 35s
 20350K .......... .......... .......... .......... .......... 80%  105K 35s
 20400K .......... .......... .......... .......... .......... 80% 59.7K 35s
 20450K .......... .......... .......... .......... .......... 80% 65.3K 35s
 20500K .......... .......... .......... .......... .......... 80% 55.0K 34s
 20550K .......... .......... .......... .......... .......... 80% 96.5K 34s
 20600K .......... .......... .......... .......... .......... 81% 93.6K 34s
 20650K .......... .......... .......... .......... .......... 81% 61.8K 34s
 20700K .......... .......... .......... .......... .......... 81%  105K 33s
 20750K .......... .......... .......... .......... .......... 81%  151K 33s
 20800K .......... .......... .......... .......... .......... 81%  169K 33s
 20850K .......... .......... .......... .......... .......... 82%  163K 32s
 20900K .......... .......... .......... .......... .......... 82%  284K 32s
 20950K .......... .......... .......... .......... .......... 82%  175K 31s
 21000K .......... .......... .......... .......... .......... 82%  251K 31s
 21050K .......... .......... .......... .......... .......... 82%  346K 31s
 21100K .......... .......... .......... .......... .......... 83%  137K 30s
 21150K .......... .......... .......... .......... .......... 83% 1.17M 30s
 21200K .......... .......... .......... .......... .......... 83%  260K 30s
 21250K .......... .......... .......... .......... .......... 83% 1.06M 29s
 21300K .......... .......... .......... .......... .......... 83%  277K 29s
 21350K .......... .......... .......... .......... .......... 84%  436K 28s
 21400K .......... .......... .......... .......... .......... 84% 1.80M 28s
 21450K .......... .......... .......... .......... .......... 84%  253K 28s
 21500K .......... .......... .......... .......... .......... 84% 1.65M 27s
 21550K .......... .......... .......... .......... .......... 84% 2.13M 27s
 21600K .......... .......... .......... .......... .......... 84%  196K 26s
 21650K .......... .......... .......... .......... .......... 85% 1.32M 26s
 21700K .......... .......... .......... .......... .......... 85% 1.23M 26s
 21750K .......... .......... .......... .......... .......... 85%  200K 25s
 21800K .......... .......... .......... .......... .......... 85% 1.12M 25s
 21850K .......... .......... .......... .......... .......... 85% 2.25M 24s
 21900K .......... .......... .......... .......... .......... 86%  254K 24s
 21950K .......... .......... .......... .......... .......... 86%  706K 24s
 22000K .......... .......... .......... .......... .......... 86%  665K 23s
 22050K .......... .......... .......... .......... .......... 86%  643K 23s
 22100K .......... .......... .......... .......... .......... 86% 1.88M 23s
 22150K .......... .......... .......... .......... .......... 87%  367K 22s
 22200K .......... .......... .......... .......... .......... 87% 82.0K 22s
 22250K .......... .......... .......... .......... .......... 87%  708K 22s
 22300K .......... .......... .......... .......... .......... 87%  681K 21s
 22350K .......... .......... .......... .......... .......... 87%  824K 21s
 22400K .......... .......... .......... .......... .......... 88% 85.2K 20s
 22450K .......... .......... .......... .......... .......... 88%  244K 20s
 22500K .......... .......... .......... .......... .......... 88% 37.0M 20s
 22550K .......... .......... .......... .......... .......... 88%  130K 19s
 22600K .......... .......... .......... .......... .......... 88% 70.5M 19s
 22650K .......... .......... .......... .......... .......... 89% 2.44M 19s
 22700K .......... .......... .......... .......... .......... 89%  216K 18s
 22750K .......... .......... .......... .......... .......... 89%  667K 18s
 22800K .......... .......... .......... .......... .......... 89% 1.26M 18s
 22850K .......... .......... .......... .......... .......... 89%  790K 17s
 22900K .......... .......... .......... .......... .......... 90%  123K 17s
 22950K .......... .......... .......... .......... .......... 90% 1.32M 16s
 23000K .......... .......... .......... .......... .......... 90% 1.33M 16s
 23050K .......... .......... .......... .......... .......... 90% 48.9K 16s
 23100K .......... .......... .......... .......... .......... 90%  105M 15s
 23150K .......... .......... .......... .......... .......... 91% 4.33M 15s
 23200K .......... .......... .......... .......... .......... 91%  175M 15s
 23250K .......... .......... .......... .......... .......... 91%  186M 14s
 23300K .......... .......... .......... .......... .......... 91% 1.40M 14s
 23350K .......... .......... .......... .......... .......... 91% 1.61M 14s
 23400K .......... .......... .......... .......... .......... 92%  291K 13s
 23450K .......... .......... .......... .......... .......... 92%  534K 13s
 23500K .......... .......... .......... .......... .......... 92% 4.51M 13s
 23550K .......... .......... .......... .......... .......... 92% 1.38M 12s
 23600K .......... .......... .......... .......... .......... 92%  268K 12s
 23650K .......... .......... .......... .......... .......... 93%  505K 12s
 23700K .......... .......... .......... .......... .......... 93% 1.27M 11s
 23750K .......... .......... .......... .......... .......... 93%  457K 11s
 23800K .......... .......... .......... .......... .......... 93% 1.22M 11s
 23850K .......... .......... .......... .......... .......... 93%  340K 10s
 23900K .......... .......... .......... .......... .......... 94% 1.50M 10s
 23950K .......... .......... .......... .......... .......... 94%  121K 10s
 24000K .......... .......... .......... .......... .......... 94%  110M 9s
 24050K .......... .......... .......... .......... .......... 94% 5.90M 9s
 24100K .......... .......... .......... .......... .......... 94%  273K 9s
 24150K .......... .......... .......... .......... .......... 94%  284K 8s
 24200K .......... .......... .......... .......... .......... 95% 1.62M 8s
 24250K .......... .......... .......... .......... .......... 95% 94.5K 8s
 24300K .......... .......... .......... .......... .......... 95% 1.06M 7s
 24350K .......... .......... .......... .......... .......... 95% 1.85M 7s
 24400K .......... .......... .......... .......... .......... 95%  226K 7s
 24450K .......... .......... .......... .......... .......... 96% 94.7K 6s
 24500K .......... .......... .......... .......... .......... 96% 1.52M 6s
 24550K .......... .......... .......... .......... .......... 96% 2.40M 6s
 24600K .......... .......... .......... .......... .......... 96%  162K 5s
 24650K .......... .......... .......... .......... .......... 96%  928K 5s
 24700K .......... .......... .......... .......... .......... 97% 1.39M 5s
 24750K .......... .......... .......... .......... .......... 97%  382K 4s
 24800K .......... .......... .......... .......... .......... 97%  578K 4s
 24850K .......... .......... .......... .......... .......... 97%  900K 4s
 24900K .......... .......... .......... .......... .......... 97%  106K 3s
 24950K .......... .......... .......... .......... .......... 98% 16.4M 3s
 25000K .......... .......... .......... .......... .......... 98%  234K 3s
 25050K .......... .......... .......... .......... .......... 98%  725K 2s
 25100K .......... .......... .......... .......... .......... 98%  261K 2s
 25150K .......... .......... .......... .......... .......... 98%  273K 2s
 25200K .......... .......... .......... .......... .......... 99%  883K 1s
 25250K .......... .......... .......... .......... .......... 99%  101K 1s
 25300K .......... .......... .......... .......... .......... 99% 1.43M 1s
 25350K .......... .......... .......... .......... .......... 99% 1.82M 0s
 25400K .......... .......... .......... .......... .......... 99% 95.9K 0s
 25450K .......... .......... ....                            100% 8.14M=2m41s

2019-02-02 22:18:48 (159 KB/s) - 已保存 “BX-CSV-Dump.zip” [26085508/26085508])

